Vivado Simulator 2020.1
Time resolution is 1 ps
a 01000001000111000000000000000000
b 00111111000100000000000000000000
c 0_10000010_01001010000000000000000
a 01000001000111000000000000000000
b 10111111000100000000000000000000
c 0_10000010_00100110000000000000000
a 11000000000100000000000000000000
b 11000011000001100001000000000000
c 1_10000110_00010000101000000000000
a 01000000011100000000000000000000
b 11000000101001000000000000000000
c 1_01111111_01100000000000000000000
a 00000000000000000000000000000000
b 11000000101001000000000000000000
c 1_10000001_10111000000000000000000
a 00000000000000000000000000000000
b 00000000000000000000000000000000
c 0_00000000_00000000000000000000000
a 11000000101001000000000000000000
b 01000000101001000000000000000000
c 0_00000000_00000000000000000000000
a 01000000101001000000000000000000
b 11000000101001000000000000000000
c 0_00000000_00000000000000000000000
