#-----------------------------------------------------------
# Vivado v2020.1 (64-bit)
# SW Build 2902540 on Wed May 27 19:54:49 MDT 2020
# IP Build 2902112 on Wed May 27 22:43:36 MDT 2020
# Start of session at: Thu Nov 19 21:03:46 2020
# Process ID: 12484
# Current directory: C:/Users/ckskc/Multiplier
# Command line: vivado.exe -gui_launcher_event rodinguilauncherevent18956 C:\Users\ckskc\Multiplier\Multiplier.xpr
# Log file: C:/Users/ckskc/Multiplier/vivado.log
# Journal file: C:/Users/ckskc/Multiplier\vivado.jou
#-----------------------------------------------------------
start_gui
open_project C:/Users/ckskc/Multiplier/Multiplier.xpr
Scanning sources...
Finished scanning sources
INFO: [IP_Flow 19-234] Refreshing IP repositories
INFO: [IP_Flow 19-1704] No user IP repositories specified
INFO: [IP_Flow 19-2313] Loaded Vivado IP repository 'C:/Vivado/2020.1/data/ip'.
open_project: Time (s): cpu = 00:00:19 ; elapsed = 00:00:10 . Memory (MB): peak = 1023.289 ; gain = 0.000
update_compile_order -fileset sources_1
exit
INFO: [Common 17-206] Exiting Vivado at Thu Nov 19 21:04:46 2020...
